<?xml version="1.0" encoding="UTF-8"?>
<!-- Generated by org.testng.reporters.JUnitReportReporter -->
<testsuite hostname="LAPTOP-GECLMI23" failures="0" tests="1" name="Group1.artificatid1.AppTest" time="0.006" errors="0" timestamp="2024-02-23T11:26:49 CST" skipped="0">
  <testcase classname="Group1.artificatid1.AppTest" name="shouldAnswerWithTrue" time="0.006"/>
</testsuite> <!-- Group1.artificatid1.AppTest -->
